2026-03-20T00:02:37.634+05:30  INFO 16096 --- [summarizer-api-service] [main] c.s.s.SummarizerApiServiceApplication    : Starting SummarizerApiServiceApplication using Java 21.0.8 with PID 16096 (D:\SwiggyProducer\summarizer-api-service\target\classes started by kusha in D:\SwiggyProducer\summarizer-api-service)
2026-03-20T00:02:37.652+05:30  INFO 16096 --- [summarizer-api-service] [main] c.s.s.SummarizerApiServiceApplication    : No active profile set, falling back to 1 default profile: "default"
2026-03-20T00:02:39.453+05:30  INFO 16096 --- [summarizer-api-service] [main] .s.d.r.c.RepositoryConfigurationDelegate : Multiple Spring Data modules found, entering strict repository configuration mode
2026-03-20T00:02:39.456+05:30  INFO 16096 --- [summarizer-api-service] [main] .s.d.r.c.RepositoryConfigurationDelegate : Bootstrapping Spring Data JPA repositories in DEFAULT mode.
2026-03-20T00:02:39.851+05:30  INFO 16096 --- [summarizer-api-service] [main] .s.d.r.c.RepositoryConfigurationDelegate : Finished Spring Data repository scanning in 362 ms. Found 1 JPA repository interface.
2026-03-20T00:02:40.147+05:30  INFO 16096 --- [summarizer-api-service] [main] .s.d.r.c.RepositoryConfigurationDelegate : Multiple Spring Data modules found, entering strict repository configuration mode
2026-03-20T00:02:40.156+05:30  INFO 16096 --- [summarizer-api-service] [main] .s.d.r.c.RepositoryConfigurationDelegate : Bootstrapping Spring Data Redis repositories in DEFAULT mode.
2026-03-20T00:02:40.256+05:30  INFO 16096 --- [summarizer-api-service] [main] .RepositoryConfigurationExtensionSupport : Spring Data Redis - Could not safely identify store assignment for repository candidate interface com.summarizerapi.service.repository.JobRepository; If you want this repository to be a Redis repository, consider annotating your entities with one of these annotations: org.springframework.data.redis.core.RedisHash (preferred), or consider extending one of the following types with your repository: org.springframework.data.keyvalue.repository.KeyValueRepository
2026-03-20T00:02:40.256+05:30  INFO 16096 --- [summarizer-api-service] [main] .s.d.r.c.RepositoryConfigurationDelegate : Finished Spring Data repository scanning in 52 ms. Found 0 Redis repository interfaces.
2026-03-20T00:02:41.956+05:30  INFO 16096 --- [summarizer-api-service] [main] o.s.boot.tomcat.TomcatWebServer          : Tomcat initialized with port 1234 (http)
2026-03-20T00:02:41.997+05:30  INFO 16096 --- [summarizer-api-service] [main] o.apache.catalina.core.StandardService   : Starting service [Tomcat]
2026-03-20T00:02:41.997+05:30  INFO 16096 --- [summarizer-api-service] [main] o.apache.catalina.core.StandardEngine    : Starting Servlet engine: [Apache Tomcat/11.0.18]
2026-03-20T00:02:42.158+05:30  INFO 16096 --- [summarizer-api-service] [main] b.w.c.s.WebApplicationContextInitializer : Root WebApplicationContext: initialization completed in 4334 ms
2026-03-20T00:02:42.752+05:30  INFO 16096 --- [summarizer-api-service] [main] org.hibernate.orm.jpa                    : HHH008540: Processing PersistenceUnitInfo [name: default]
2026-03-20T00:02:42.868+05:30  INFO 16096 --- [summarizer-api-service] [main] org.hibernate.orm.core                   : HHH000001: Hibernate ORM core version 7.2.4.Final
2026-03-20T00:02:43.796+05:30  INFO 16096 --- [summarizer-api-service] [main] o.s.o.j.p.SpringPersistenceUnitInfo      : No LoadTimeWeaver setup: ignoring JPA class transformer
2026-03-20T00:02:43.860+05:30  INFO 16096 --- [summarizer-api-service] [main] com.zaxxer.hikari.HikariDataSource       : HikariPool-1 - Starting...
2026-03-20T00:02:44.904+05:30  INFO 16096 --- [summarizer-api-service] [main] com.zaxxer.hikari.pool.HikariPool        : HikariPool-1 - Added connection org.postgresql.jdbc.PgConnection@3340ce58
2026-03-20T00:02:44.906+05:30  INFO 16096 --- [summarizer-api-service] [main] com.zaxxer.hikari.HikariDataSource       : HikariPool-1 - Start completed.
2026-03-20T00:02:45.263+05:30  WARN 16096 --- [summarizer-api-service] [main] org.hibernate.orm.deprecation            : HHH90000025: PostgreSQLDialect does not need to be specified explicitly using 'hibernate.dialect' (remove the property setting and it will be selected by default)
2026-03-20T00:02:45.349+05:30  INFO 16096 --- [summarizer-api-service] [main] org.hibernate.orm.connections.pooling    : HHH10001005: Database info:
	Database JDBC URL [jdbc:postgresql://localhost:5432/asyncsummarizer]
	Database driver: PostgreSQL JDBC Driver
	Database dialect: PostgreSQLDialect
	Database version: 18.3
	Default catalog/schema: asyncsummarizer/public
	Autocommit mode: undefined/unknown
	Isolation level: READ_COMMITTED [default READ_COMMITTED]
	JDBC fetch size: none
	Pool: DataSourceConnectionProvider
	Minimum pool size: undefined/unknown
	Maximum pool size: undefined/unknown
2026-03-20T00:02:47.395+05:30  INFO 16096 --- [summarizer-api-service] [main] org.hibernate.orm.core                   : HHH000489: No JTA platform available (set 'hibernate.transaction.jta.platform' to enable JTA platform integration)
2026-03-20T00:02:47.532+05:30  INFO 16096 --- [summarizer-api-service] [main] j.LocalContainerEntityManagerFactoryBean : Initialized JPA EntityManagerFactory for persistence unit 'default'
2026-03-20T00:02:47.695+05:30  INFO 16096 --- [summarizer-api-service] [main] o.s.d.j.r.query.QueryEnhancerFactories   : Hibernate is in classpath; If applicable, HQL parser will be used.
2026-03-20T00:02:49.301+05:30  WARN 16096 --- [summarizer-api-service] [main] JpaBaseConfiguration$JpaWebConfiguration : spring.jpa.open-in-view is enabled by default. Therefore, database queries may be performed during view rendering. Explicitly configure spring.jpa.open-in-view to disable this warning
2026-03-20T00:02:50.374+05:30  INFO 16096 --- [summarizer-api-service] [main] o.s.boot.tomcat.TomcatWebServer          : Tomcat started on port 1234 (http) with context path '/'
2026-03-20T00:02:50.389+05:30  INFO 16096 --- [summarizer-api-service] [main] c.s.s.SummarizerApiServiceApplication    : Started SummarizerApiServiceApplication in 13.692 seconds (process running for 15.377)
2026-03-20T00:05:03.639+05:30  INFO 16096 --- [summarizer-api-service] [http-nio-1234-exec-2] o.a.c.c.C.[Tomcat].[localhost].[/]       : Initializing Spring DispatcherServlet 'dispatcherServlet'
2026-03-20T00:05:03.642+05:30  INFO 16096 --- [summarizer-api-service] [http-nio-1234-exec-2] o.s.web.servlet.DispatcherServlet        : Initializing Servlet 'dispatcherServlet'
2026-03-20T00:05:03.647+05:30  INFO 16096 --- [summarizer-api-service] [http-nio-1234-exec-2] o.s.web.servlet.DispatcherServlet        : Completed initialization in 5 ms
2026-03-20T00:05:11.507+05:30  INFO 16096 --- [summarizer-api-service] [http-nio-1234-exec-2] c.s.s.controller.SummarizerController    : POST /submit - Request received. url=https://en.wikipedia.org/wiki/Ratan_Tata, textLength=0
2026-03-20T00:05:11.995+05:30  INFO 16096 --- [summarizer-api-service] [http-nio-1234-exec-2] c.s.service.serviceimpl.CacheService     : [CACHE] MISS — contentHash=a3de306df000ad09341e7ce026324777dc7d8bdd553a11ee663cf801da0b1d4c
2026-03-20T00:05:12.606+05:30  INFO 16096 --- [summarizer-api-service] [http-nio-1234-exec-2] o.a.kafka.common.config.AbstractConfig   : ProducerConfig values: 
	acks = -1
	batch.size = 16384
	bootstrap.servers = [localhost:9092]
	buffer.memory = 33554432
	client.dns.lookup = use_all_dns_ips
	client.id = summarizer-api-service-producer-1
	compression.gzip.level = -1
	compression.lz4.level = 9
	compression.type = none
	compression.zstd.level = 3
	connections.max.idle.ms = 540000
	delivery.timeout.ms = 120000
	enable.idempotence = true
	enable.metrics.push = true
	interceptor.classes = []
	key.serializer = class org.apache.kafka.common.serialization.StringSerializer
	linger.ms = 5
	max.block.ms = 60000
	max.in.flight.requests.per.connection = 5
	max.request.size = 1048576
	metadata.max.age.ms = 300000
	metadata.max.idle.ms = 300000
	metadata.recovery.rebootstrap.trigger.ms = 300000
	metadata.recovery.strategy = rebootstrap
	metric.reporters = [org.apache.kafka.common.metrics.JmxReporter]
	metrics.num.samples = 2
	metrics.recording.level = INFO
	metrics.sample.window.ms = 30000
	partitioner.adaptive.partitioning.enable = true
	partitioner.availability.timeout.ms = 0
	partitioner.class = null
	partitioner.ignore.keys = false
	receive.buffer.bytes = 32768
	reconnect.backoff.max.ms = 1000
	reconnect.backoff.ms = 50
	request.timeout.ms = 30000
	retries = 2147483647
	retry.backoff.max.ms = 1000
	retry.backoff.ms = 100
	sasl.client.callback.handler.class = null
	sasl.jaas.config = null
	sasl.kerberos.kinit.cmd = /usr/bin/kinit
	sasl.kerberos.min.time.before.relogin = 60000
	sasl.kerberos.service.name = null
	sasl.kerberos.ticket.renew.jitter = 0.05
	sasl.kerberos.ticket.renew.window.factor = 0.8
	sasl.login.callback.handler.class = null
	sasl.login.class = null
	sasl.login.connect.timeout.ms = null
	sasl.login.read.timeout.ms = null
	sasl.login.refresh.buffer.seconds = 300
	sasl.login.refresh.min.period.seconds = 60
	sasl.login.refresh.window.factor = 0.8
	sasl.login.refresh.window.jitter = 0.05
	sasl.login.retry.backoff.max.ms = 10000
	sasl.login.retry.backoff.ms = 100
	sasl.mechanism = GSSAPI
	sasl.oauthbearer.assertion.algorithm = RS256
	sasl.oauthbearer.assertion.claim.aud = null
	sasl.oauthbearer.assertion.claim.exp.seconds = 300
	sasl.oauthbearer.assertion.claim.iss = null
	sasl.oauthbearer.assertion.claim.jti.include = false
	sasl.oauthbearer.assertion.claim.nbf.seconds = 60
	sasl.oauthbearer.assertion.claim.sub = null
	sasl.oauthbearer.assertion.file = null
	sasl.oauthbearer.assertion.private.key.file = null
	sasl.oauthbearer.assertion.private.key.passphrase = null
	sasl.oauthbearer.assertion.template.file = null
	sasl.oauthbearer.client.credentials.client.id = null
	sasl.oauthbearer.client.credentials.client.secret = null
	sasl.oauthbearer.clock.skew.seconds = 30
	sasl.oauthbearer.expected.audience = null
	sasl.oauthbearer.expected.issuer = null
	sasl.oauthbearer.header.urlencode = false
	sasl.oauthbearer.jwks.endpoint.refresh.ms = 3600000
	sasl.oauthbearer.jwks.endpoint.retry.backoff.max.ms = 10000
	sasl.oauthbearer.jwks.endpoint.retry.backoff.ms = 100
	sasl.oauthbearer.jwks.endpoint.url = null
	sasl.oauthbearer.jwt.retriever.class = class org.apache.kafka.common.security.oauthbearer.DefaultJwtRetriever
	sasl.oauthbearer.jwt.validator.class = class org.apache.kafka.common.security.oauthbearer.DefaultJwtValidator
	sasl.oauthbearer.scope = null
	sasl.oauthbearer.scope.claim.name = scope
	sasl.oauthbearer.sub.claim.name = sub
	sasl.oauthbearer.token.endpoint.url = null
	security.protocol = PLAINTEXT
	security.providers = null
	send.buffer.bytes = 131072
	socket.connection.setup.timeout.max.ms = 30000
	socket.connection.setup.timeout.ms = 10000
	ssl.cipher.suites = null
	ssl.enabled.protocols = [TLSv1.2, TLSv1.3]
	ssl.endpoint.identification.algorithm = https
	ssl.engine.factory.class = null
	ssl.key.password = null
	ssl.keymanager.algorithm = SunX509
	ssl.keystore.certificate.chain = null
	ssl.keystore.key = null
	ssl.keystore.location = null
	ssl.keystore.password = null
	ssl.keystore.type = JKS
	ssl.protocol = TLSv1.3
	ssl.provider = null
	ssl.secure.random.implementation = null
	ssl.trustmanager.algorithm = PKIX
	ssl.truststore.certificates = null
	ssl.truststore.location = null
	ssl.truststore.password = null
	ssl.truststore.type = JKS
	transaction.timeout.ms = 60000
	transaction.two.phase.commit.enable = false
	transactional.id = null
	value.serializer = class org.apache.kafka.common.serialization.StringSerializer

2026-03-20T00:05:12.645+05:30  INFO 16096 --- [summarizer-api-service] [http-nio-1234-exec-2] o.a.k.c.t.i.KafkaMetricsCollector        : initializing Kafka metrics collector
2026-03-20T00:05:12.789+05:30  INFO 16096 --- [summarizer-api-service] [http-nio-1234-exec-2] o.a.k.clients.producer.KafkaProducer     : [Producer clientId=summarizer-api-service-producer-1] Instantiated an idempotent producer.
2026-03-20T00:05:12.841+05:30  INFO 16096 --- [summarizer-api-service] [http-nio-1234-exec-2] o.a.kafka.common.utils.AppInfoParser     : Kafka version: 4.1.1
2026-03-20T00:05:12.841+05:30  INFO 16096 --- [summarizer-api-service] [http-nio-1234-exec-2] o.a.kafka.common.utils.AppInfoParser     : Kafka commitId: be816b82d25370ce
2026-03-20T00:05:12.842+05:30  INFO 16096 --- [summarizer-api-service] [http-nio-1234-exec-2] o.a.kafka.common.utils.AppInfoParser     : Kafka startTimeMs: 1773945312837
2026-03-20T00:05:13.289+05:30  INFO 16096 --- [summarizer-api-service] [kafka-producer-network-thread | summarizer-api-service-producer-1] org.apache.kafka.clients.Metadata        : [Producer clientId=summarizer-api-service-producer-1] Cluster ID: zqTUpET1TtG2gMPxu-kgGw
2026-03-20T00:05:13.314+05:30  INFO 16096 --- [summarizer-api-service] [http-nio-1234-exec-2] c.s.service.kafka.KafkaProducerService   : Sent job 44f371aa-9e29-48d5-b0ea-36c21812ec5a to Kafka topic summarization-jobs
2026-03-20T00:05:13.315+05:30  INFO 16096 --- [summarizer-api-service] [http-nio-1234-exec-2] c.s.service.serviceimpl.JobService       : [SUBMIT] New job 44f371aa-9e29-48d5-b0ea-36c21812ec5a queued successfully
2026-03-20T00:05:13.315+05:30  INFO 16096 --- [summarizer-api-service] [http-nio-1234-exec-2] c.s.s.controller.SummarizerController    : POST /submit - Success. jobId=44f371aa-9e29-48d5-b0ea-36c21812ec5a, duration=9444 ms
2026-03-20T00:05:13.415+05:30  INFO 16096 --- [summarizer-api-service] [kafka-producer-network-thread | summarizer-api-service-producer-1] o.a.k.c.p.internals.TransactionManager   : [Producer clientId=summarizer-api-service-producer-1] ProducerId set to 0 with epoch 0
2026-03-20T00:10:38.918+05:30  INFO 16096 --- [summarizer-api-service] [http-nio-1234-exec-3] c.s.service.serviceimpl.CacheService     : [CACHE] HIT — jobId=44f371aa-9e29-48d5-b0ea-36c21812ec5a
2026-03-20T00:10:38.918+05:30  INFO 16096 --- [summarizer-api-service] [http-nio-1234-exec-3] c.s.service.serviceimpl.JobService       : [STATUS] Cache HIT — job 44f371aa-9e29-48d5-b0ea-36c21812ec5a from Redis
2026-03-20T00:10:45.078+05:30  INFO 16096 --- [summarizer-api-service] [http-nio-1234-exec-6] c.s.service.serviceimpl.CacheService     : [CACHE] HIT — jobId=44f371aa-9e29-48d5-b0ea-36c21812ec5a
2026-03-20T00:10:45.078+05:30  INFO 16096 --- [summarizer-api-service] [http-nio-1234-exec-6] c.s.service.serviceimpl.JobService       : [RESULT] Cache HIT — job 44f371aa-9e29-48d5-b0ea-36c21812ec5a from Redis
